\BOOKMARK [0][-]{chapter*.1}{\376\377\000D\000e\000c\000l\000a\000r\000a\000t\000i\000o\000n\000\040\000o\000f\000\040\000A\000u\000t\000h\000o\000r\000s\000h\000i\000p}{}% 1
\BOOKMARK [0][-]{chapter*.2}{\376\377\000A\000b\000s\000t\000r\000a\000c\000t}{}% 2
\BOOKMARK [0][-]{chapter*.3}{\376\377\000A\000c\000k\000n\000o\000w\000l\000e\000d\000g\000e\000m\000e\000n\000t\000s}{}% 3
\BOOKMARK [0][-]{chapter*.4}{\376\377\000C\000o\000n\000t\000e\000n\000t\000s}{}% 4
\BOOKMARK [0][-]{chapter.5}{\376\377\000B\000a\000c\000k\000g\000r\000o\000u\000n\000d}{}% 5
\BOOKMARK [1][-]{section.6}{\376\377\000P\000r\000o\000b\000l\000e\000m\000\040\000d\000e\000f\000i\000n\000i\000t\000i\000o\000n}{chapter.5}% 6
\BOOKMARK [1][-]{section.12}{\376\377\000P\000r\000a\000g\000m\000a\000t\000i\000c\000\040\000a\000i\000m\000s}{chapter.5}% 7
\BOOKMARK [1][-]{section.14}{\376\377\000S\000a\000m\000p\000l\000e\000\040\000d\000e\000s\000i\000g\000n\000s}{chapter.5}% 8
\BOOKMARK [1][-]{section.16}{\376\377\000M\000o\000d\000e\000l\000s\000\040\000\046\000\040\000t\000r\000a\000d\000e\000-\000o\000f\000f\000s}{chapter.5}% 9
\BOOKMARK [1][-]{section.17}{\376\377\000B\000a\000y\000e\000s\000i\000a\000n\000\040\000o\000p\000t\000i\000m\000i\000z\000a\000t\000i\000o\000n}{chapter.5}% 10
\BOOKMARK [1][-]{section.31}{\376\377\000B\000a\000n\000d\000i\000t\000s}{chapter.5}% 11
\BOOKMARK [0][-]{chapter.32}{\376\377\000G\000a\000u\000s\000s\000i\000a\000n\000\040\000p\000r\000o\000c\000e\000s\000s\000e\000s}{}% 12
\BOOKMARK [1][-]{section.33}{\376\377\000M\000u\000l\000t\000i\000v\000a\000r\000i\000a\000t\000e\000\040\000G\000a\000u\000s\000s\000i\000a\000n\000\040\000d\000i\000s\000t\000r\000i\000b\000u\000t\000i\000o\000n}{chapter.32}% 13
\BOOKMARK [1][-]{section.40}{\376\377\000G\000a\000u\000s\000s\000i\000a\000n\000\040\000p\000r\000o\000c\000e\000s\000s\000\040\000d\000e\000f\000i\000n\000i\000t\000i\000o\000n}{chapter.32}% 14
\BOOKMARK [1][-]{section.44}{\376\377\000K\000e\000r\000n\000e\000l\000\040\000f\000u\000n\000c\000t\000i\000o\000n\000s}{chapter.32}% 15
\BOOKMARK [2][-]{subsection.45}{\376\377\000S\000q\000u\000a\000r\000e\000d\000\040\000e\000x\000p\000o\000n\000e\000n\000t\000i\000a\000l}{section.44}% 16
\BOOKMARK [2][-]{subsection.47}{\376\377\000M\000a\000t\000\351\000r\000n}{section.44}% 17
\BOOKMARK [2][-]{subsection.52}{\376\377\000A\000u\000t\000o\000m\000a\000t\000i\000c\000\040\000r\000e\000l\000e\000v\000a\000n\000c\000e\000\040\000d\000e\000t\000e\000r\000m\000i\000n\000a\000t\000i\000o\000n}{section.44}% 18
\BOOKMARK [1][-]{section.55}{\376\377\000S\000a\000m\000p\000l\000i\000n\000g\000\040\000f\000r\000o\000m\000\040\000a\000\040\000G\000a\000u\000s\000s\000i\000a\000n\000\040\000p\000r\000o\000c\000e\000s\000s}{chapter.32}% 19
\BOOKMARK [1][-]{section.58}{\376\377\000B\000a\000y\000e\000s\000i\000a\000n\000\040\000l\000i\000n\000e\000a\000r\000\040\000r\000e\000g\000r\000e\000s\000s\000i\000o\000n}{chapter.32}% 20
\BOOKMARK [1][-]{section.67}{\376\377\000G\000a\000u\000s\000s\000i\000a\000n\000\040\000p\000r\000o\000c\000e\000s\000s\000\040\000r\000e\000g\000r\000e\000s\000s\000i\000o\000n}{chapter.32}% 21
\BOOKMARK [1][-]{section.80}{\376\377\000L\000e\000a\000r\000n\000i\000n\000g\000\040\000t\000h\000e\000\040\000h\000y\000p\000e\000r\000-\000p\000a\000r\000a\000m\000e\000t\000e\000r\000s}{chapter.32}% 22
\BOOKMARK [0][-]{chapter.83}{\376\377\000A\000c\000q\000u\000i\000s\000i\000t\000i\000o\000n\000\040\000f\000u\000n\000c\000t\000i\000o\000n\000s}{}% 23
\BOOKMARK [1][-]{section.84}{\376\377\000O\000p\000t\000i\000m\000a\000l\000\040\000p\000o\000l\000i\000c\000i\000e\000s}{chapter.83}% 24
\BOOKMARK [1][-]{section.86}{\376\377\000A\000c\000q\000u\000i\000s\000i\000t\000i\000o\000n\000\040\000f\000u\000n\000c\000t\000i\000o\000n\000s}{chapter.83}% 25
\BOOKMARK [2][-]{subsection.91}{\376\377\000P\000r\000o\000b\000a\000b\000i\000l\000i\000t\000y\000\040\000o\000f\000\040\000i\000m\000p\000r\000o\000v\000e\000m\000e\000n\000t}{section.86}% 26
\BOOKMARK [2][-]{subsection.93}{\376\377\000E\000x\000p\000e\000c\000t\000e\000d\000\040\000i\000m\000p\000r\000o\000v\000e\000m\000e\000n\000t}{section.86}% 27
\BOOKMARK [2][-]{subsection.98}{\376\377\000L\000o\000w\000e\000r\000\040\000c\000o\000n\000f\000i\000d\000e\000n\000c\000e\000\040\000b\000o\000u\000n\000d}{section.86}% 28
\BOOKMARK [1][-]{section.100}{\376\377\000M\000a\000x\000i\000m\000i\000z\000i\000n\000g\000\040\000t\000h\000e\000\040\000a\000c\000q\000u\000i\000s\000i\000t\000i\000o\000n\000\040\000f\000u\000n\000c\000t\000i\000o\000n}{chapter.83}% 29
\BOOKMARK [0][-]{chapter.101}{\376\377\000C\000o\000n\000s\000t\000r\000a\000i\000n\000e\000d\000\040\000o\000p\000t\000i\000m\000i\000z\000a\000t\000i\000o\000n}{}% 30
\BOOKMARK [1][-]{section.102}{\376\377\000I\000n\000t\000r\000o\000d\000u\000c\000t\000i\000o\000n}{chapter.101}% 31
\BOOKMARK [2][-]{subsection.104}{\376\377\000N\000o\000i\000s\000y\000\040\000c\000o\000n\000s\000t\000r\000a\000i\000n\000t\000s}{section.102}% 32
\BOOKMARK [1][-]{section.108}{\376\377\000C\000o\000n\000s\000t\000r\000a\000i\000n\000e\000d\000\040\000B\000a\000y\000e\000s\000i\000a\000n\000\040\000o\000p\000t\000i\000m\000i\000z\000a\000t\000i\000o\000n}{chapter.101}% 33
\BOOKMARK [2][-]{subsection.109}{\376\377\000E\000x\000p\000e\000c\000t\000e\000d\000\040\000i\000m\000p\000r\000o\000v\000e\000m\000e\000n\000t\000\040\000w\000i\000t\000h\000\040\000c\000o\000n\000s\000t\000r\000a\000i\000n\000t\000s}{section.108}% 34
\BOOKMARK [2][-]{subsection.114}{\376\377\000I\000n\000t\000e\000g\000r\000a\000t\000e\000d\000\040\000e\000x\000p\000e\000c\000t\000e\000d\000\040\000c\000o\000n\000d\000i\000t\000i\000o\000n\000a\000l\000\040\000i\000m\000p\000r\000o\000v\000e\000m\000e\000n\000t}{section.108}% 35
\BOOKMARK [0][-]{chapter.120}{\376\377\000E\000x\000p\000e\000r\000i\000m\000e\000n\000t\000s}{}% 36
\BOOKMARK [1][-]{section.122}{\376\377\000U\000n\000c\000o\000n\000s\000t\000r\000a\000i\000n\000e\000d}{chapter.120}% 37
\BOOKMARK [1][-]{section.125}{\376\377\000C\000o\000n\000s\000t\000r\000a\000i\000n\000e\000d}{chapter.120}% 38
\BOOKMARK [1][-]{section.131}{\376\377\000D\000i\000s\000c\000u\000s\000s\000i\000o\000n}{chapter.120}% 39
\BOOKMARK [0][-]{chapter.132}{\376\377\000C\000o\000n\000c\000l\000u\000s\000i\000o\000n}{}% 40
\BOOKMARK [0][-]{appendix*.133}{\376\377\000B\000i\000b\000l\000i\000o\000g\000r\000a\000p\000h\000y}{}% 41
